0 info it worked if it ends with ok
1 verbose cli [ '/Users/eduardosanzb/.nvm/versions/node/v7.4.0/bin/node',
1 verbose cli   '/Users/eduardosanzb/.nvm/versions/node/v7.4.0/bin/npm',
1 verbose cli   'start' ]
2 info using npm@4.0.5
3 info using node@v7.4.0
4 verbose run-script [ 'prestart', 'start', 'poststart' ]
5 info lifecycle conferences-manager-mern@1.0.0~prestart: conferences-manager-mern@1.0.0
6 silly lifecycle conferences-manager-mern@1.0.0~prestart: no script for prestart, continuing
7 info lifecycle conferences-manager-mern@1.0.0~start: conferences-manager-mern@1.0.0
8 verbose lifecycle conferences-manager-mern@1.0.0~start: unsafe-perm in lifecycle true
9 verbose lifecycle conferences-manager-mern@1.0.0~start: PATH: /Users/eduardosanzb/.nvm/versions/node/v7.4.0/lib/node_modules/npm/bin/node-gyp-bin:/Users/eduardosanzb/projects/thesis/node_modules/.bin:/Users/eduardosanzb/.nvm/versions/node/v7.4.0/bin:/Users/eduardosanzb/bin:/usr/local/bin:/usr/local/mysql/bin:/Users/eduardosanzb/golang/bin:/usr/local/mongodb/mongodb-osx-x86_64-3.2.9/bin:/usr/local/share/npm/bin:/usr/local/share/python:/usr/bin:/bin:/usr/sbin:/sbin:/usr/local/bin:/usr/local/go/bin:/Users/eduardosanzb/golang/bin:/Users/eduardosanzb/Library/Android/sdk/tools:/Users/eduardosanzb/Library/Android/sdk/platform-tools:/Users/eduardosanzb/Library/Android/sdk/tools:/Users/eduardosanzb/Library/Android/sdk/tools::/Applications/Postgres.app/Contents/Versions/latest/bin::/Users/eduardosanzb/.vimpkg/bin
10 verbose lifecycle conferences-manager-mern@1.0.0~start: CWD: /Users/eduardosanzb/projects/thesis
11 silly lifecycle conferences-manager-mern@1.0.0~start: Args: [ '-c', './.start.sh' ]
12 silly lifecycle conferences-manager-mern@1.0.0~start: Returned: code: 1  signal: null
13 info lifecycle conferences-manager-mern@1.0.0~start: Failed to exec start script
14 verbose stack Error: conferences-manager-mern@1.0.0 start: `./.start.sh`
14 verbose stack Exit status 1
14 verbose stack     at EventEmitter.<anonymous> (/Users/eduardosanzb/.nvm/versions/node/v7.4.0/lib/node_modules/npm/lib/utils/lifecycle.js:279:16)
14 verbose stack     at emitTwo (events.js:106:13)
14 verbose stack     at EventEmitter.emit (events.js:191:7)
14 verbose stack     at ChildProcess.<anonymous> (/Users/eduardosanzb/.nvm/versions/node/v7.4.0/lib/node_modules/npm/lib/utils/spawn.js:40:14)
14 verbose stack     at emitTwo (events.js:106:13)
14 verbose stack     at ChildProcess.emit (events.js:191:7)
14 verbose stack     at maybeClose (internal/child_process.js:885:16)
14 verbose stack     at Process.ChildProcess._handle.onexit (internal/child_process.js:226:5)
15 verbose pkgid conferences-manager-mern@1.0.0
16 verbose cwd /Users/eduardosanzb/projects/thesis
17 error Darwin 16.7.0
18 error argv "/Users/eduardosanzb/.nvm/versions/node/v7.4.0/bin/node" "/Users/eduardosanzb/.nvm/versions/node/v7.4.0/bin/npm" "start"
19 error node v7.4.0
20 error npm  v4.0.5
21 error code ELIFECYCLE
22 error conferences-manager-mern@1.0.0 start: `./.start.sh`
22 error Exit status 1
23 error Failed at the conferences-manager-mern@1.0.0 start script './.start.sh'.
23 error Make sure you have the latest version of node.js and npm installed.
23 error If you do, this is most likely a problem with the conferences-manager-mern package,
23 error not with npm itself.
23 error Tell the author that this fails on your system:
23 error     ./.start.sh
23 error You can get information on how to open an issue for this project with:
23 error     npm bugs conferences-manager-mern
23 error Or if that isn't available, you can get their info via:
23 error     npm owner ls conferences-manager-mern
23 error There is likely additional logging output above.
24 verbose exit [ 1, true ]
